<?xml version="1.0" encoding="utf-8"?><testsuites><testsuite name="pytest" errors="0" failures="0" skipped="0" tests="1" time="0.076" timestamp="2023-04-07T11:01:15.972634" hostname="Harrisons-MacBook-Pro-2.local"><testcase classname="tests.test_index" name="test_index" time="0.001" /></testsuite></testsuites>